2025-11-30 16:31:56,017 - __main__ - INFO - Запуск обучения BottleClassifier на cpu
2025-11-30 16:31:56,036 - __main__ - INFO - Classes: ['defect_broken_large', 'defect_broken_small', 'defect_contamination', 'good']
2025-11-30 16:31:56,036 - __main__ - INFO - Train: 193, Val: 43
2025-11-30 16:31:56,054 - __main__ - INFO - Class weights: [3.4464285373687744, 3.2166666984558105, 3.4464285373687744, 0.3216666579246521]
2025-11-30 16:31:56,385 - __main__ - INFO - Trainable params: 16,015,876
2025-11-30 16:31:56,386 - __main__ - INFO - Epoch  Train Loss   Train Recall Val Loss     Val Recall  
2025-11-30 16:31:56,386 - __main__ - INFO - ------------------------------------------------------------
2025-11-30 16:33:40,823 - __main__ - INFO - Запуск обучения BottleClassifier на cpu
2025-11-30 16:33:40,828 - __main__ - INFO - Classes: ['defect_broken_large', 'defect_broken_small', 'defect_contamination', 'good']
2025-11-30 16:33:40,829 - __main__ - INFO - Train: 193, Val: 43
2025-11-30 16:33:40,830 - __main__ - INFO - Class weights: [3.4464285373687744, 3.2166666984558105, 3.4464285373687744, 0.3216666579246521]
2025-11-30 16:33:41,103 - __main__ - INFO - Trainable params: 16,015,876
2025-11-30 16:33:41,104 - __main__ - INFO - Epoch  Train Loss   Train Recall Val Loss     Val Recall  
2025-11-30 16:33:41,104 - __main__ - INFO - ------------------------------------------------------------
2025-11-30 16:33:57,509 - __main__ - INFO - 1      1.6931       0.2629       2.0026       0.2500      
2025-11-30 16:34:13,533 - __main__ - INFO - 2      1.6714       0.3548       1.9700       0.6667      
2025-11-30 16:34:29,774 - __main__ - INFO - 3      1.6671       0.4983       1.8395       0.5833      
2025-11-30 16:34:45,786 - __main__ - INFO - 4      1.5721       0.5512       1.7820       0.7500      
2025-11-30 16:35:01,948 - __main__ - INFO - 5      1.4679       0.6243       1.6524       0.8333      
2025-11-30 16:35:18,072 - __main__ - INFO - 6      1.4362       0.7610       1.6421       0.8333      
2025-11-30 16:35:33,951 - __main__ - INFO - 7      1.3153       0.6998       1.6360       0.9167      
2025-11-30 16:35:50,637 - __main__ - INFO - 8      1.2228       0.8374       1.6277       1.0000      
2025-11-30 16:35:50,830 - __main__ - INFO - ЦЕЛЬ ДОСТИГНУТА! Recall >= 0.95
2025-11-30 16:35:53,444 - __main__ - INFO - 
ТЕСТОВЫЕ МЕТРИКИ:
2025-11-30 16:35:53,444 - __main__ - INFO - Precision: 0.8667, Recall: 0.8542, F1: 0.8532
2025-11-30 16:35:53,446 - __main__ - INFO - Обучение завершено. Лучшая модель: models/bottle_classifier_best.pth
2025-11-30 16:35:53,446 - __main__ - INFO - Лучший Val Recall: 1.0000
2025-12-01 14:44:21,989 - __main__ - INFO - Запуск обучения BottleClassifier на cpu
2025-12-01 14:44:21,995 - __main__ - INFO - Classes: ['defect_broken_large', 'defect_broken_small', 'defect_contamination', 'good']
2025-12-01 14:44:21,995 - __main__ - INFO - Train: 193, Val: 43
2025-12-01 14:44:21,999 - __main__ - INFO - Class weights: [3.4464285373687744, 3.2166666984558105, 3.4464285373687744, 0.3216666579246521]
2025-12-01 14:44:22,318 - __main__ - INFO - Trainable params: 16,015,876
2025-12-01 14:44:22,319 - __main__ - INFO - Epoch  Train Loss   Train Recall Val Loss     Val Recall  
2025-12-01 14:44:22,319 - __main__ - INFO - ------------------------------------------------------------
2025-12-01 14:44:40,154 - __main__ - INFO - 1      1.6931       0.2629       2.0026       0.0000      
2025-12-01 14:44:55,244 - __main__ - INFO - 2      1.6714       0.3548       1.9700       0.0000      
2025-12-01 14:45:10,427 - __main__ - INFO - 3      1.6671       0.4983       1.8395       0.0000      
2025-12-01 14:45:25,730 - __main__ - INFO - 4      1.5721       0.5512       1.7820       0.0000      
2025-12-01 14:45:41,240 - __main__ - INFO - 5      1.4679       0.6243       1.6524       0.0000      
2025-12-01 14:45:56,802 - __main__ - INFO - 6      1.4362       0.7610       1.6421       0.0000      
2025-12-01 14:46:12,065 - __main__ - INFO - 7      1.3153       0.6998       1.6360       0.0000      
2025-12-01 14:46:27,490 - __main__ - INFO - 8      1.2228       0.8374       1.6277       0.0000      
2025-12-01 14:46:42,933 - __main__ - INFO - 9      1.1375       0.8252       1.6298       0.0000      
2025-12-01 14:46:58,180 - __main__ - INFO - 10     1.0224       0.8862       1.6047       0.0000      
2025-12-01 14:47:13,853 - __main__ - INFO - 11     1.1800       0.8879       1.6055       0.0000      
2025-12-01 14:47:29,232 - __main__ - INFO - 12     1.0877       0.8500       1.6120       0.0000      
2025-12-01 14:47:44,784 - __main__ - INFO - 13     1.2013       0.8695       1.6074       0.0000      
2025-12-01 14:48:00,104 - __main__ - INFO - 14     1.1106       0.9269       1.6207       0.0000      
2025-12-01 14:48:15,704 - __main__ - INFO - 15     0.9037       0.9107       1.6262       0.0000      
2025-12-01 14:48:31,242 - __main__ - INFO - 16     1.1040       0.8902       1.5990       0.0000      
2025-12-01 14:48:47,577 - __main__ - INFO - 17     1.0837       0.9281       1.6321       0.0000      
2025-12-01 14:49:04,785 - __main__ - INFO - 18     0.9762       0.9476       1.6316       0.0000      
2025-12-01 14:49:21,769 - __main__ - INFO - 19     0.9620       0.9426       1.6038       0.0000      
2025-12-01 14:50:21,602 - __main__ - INFO - Запуск обучения BottleClassifier на cpu
2025-12-01 14:50:21,606 - __main__ - INFO - Classes: ['defect_broken_large', 'defect_broken_small', 'defect_contamination', 'good']
2025-12-01 14:50:21,606 - __main__ - INFO - Train: 193, Val: 43
2025-12-01 14:50:21,607 - __main__ - INFO - Class weights: [3.4464285373687744, 3.2166666984558105, 3.4464285373687744, 0.3216666579246521]
2025-12-01 14:50:21,868 - __main__ - INFO - Trainable params: 16,015,876
2025-12-01 14:50:21,869 - __main__ - INFO - Epoch  Train Loss   Train Recall Val Loss     Val Recall  
2025-12-01 14:50:21,869 - __main__ - INFO - ------------------------------------------------------------
2025-12-01 14:50:37,245 - __main__ - INFO - 1      1.6931       0.2629       2.0026       0.0000      
2025-12-01 14:50:52,265 - __main__ - INFO - 2      1.6714       0.3548       1.9700       0.0000      
2025-12-01 14:51:07,524 - __main__ - INFO - 3      1.6671       0.4983       1.8395       0.0000      
2025-12-01 14:51:23,278 - __main__ - INFO - 4      1.5721       0.5512       1.7820       0.0000      
2025-12-01 14:51:39,830 - __main__ - INFO - 5      1.4679       0.6243       1.6524       0.0000      
2025-12-01 14:51:56,930 - __main__ - INFO - 6      1.4362       0.7610       1.6421       0.0000      
2025-12-01 15:09:12,518 - __main__ - INFO - Запуск обучения BottleClassifier на cpu
2025-12-01 15:09:12,523 - __main__ - INFO - Classes: ['defect_broken_large', 'defect_broken_small', 'defect_contamination', 'good']
2025-12-01 15:09:12,523 - __main__ - INFO - Train: 193, Val: 43
2025-12-01 15:09:12,534 - __main__ - INFO - Class weights: [3.4464285373687744, 3.2166666984558105, 3.4464285373687744, 0.3216666579246521]
2025-12-01 15:09:12,856 - __main__ - INFO - Trainable params: 16,015,876
2025-12-01 15:09:12,857 - __main__ - INFO - Epoch  Train Loss   Train Recall Val Loss     Val Recall  
2025-12-01 15:09:12,857 - __main__ - INFO - ------------------------------------------------------------
2025-12-01 15:09:29,684 - __main__ - INFO - 1      1.6259       0.3329       1.9646       0.0000      
2025-12-01 15:09:46,505 - __main__ - INFO - 2      1.5482       0.5286       1.8226       0.0000      
2025-12-01 15:10:03,083 - __main__ - INFO - 3      1.3488       0.7250       1.6610       0.0000      
2025-12-01 15:40:27,652 - __main__ - INFO - Запуск обучения BottleClassifier на cuda
2025-12-01 15:42:53,709 - __main__ - INFO - Запуск обучения BottleClassifier на cuda
2025-12-01 15:42:53,713 - __main__ - INFO - Classes: ['good']
2025-12-01 15:42:53,714 - __main__ - INFO - Train: 209, Val: 78
2025-12-01 15:42:53,828 - __main__ - INFO - Class weights: [1.0]
2025-12-01 15:42:54,185 - __main__ - INFO - Trainable params: 16,014,337
2025-12-01 15:42:54,186 - __main__ - INFO - Epoch  Train Loss   Train Recall Val Loss     Val Recall  
2025-12-01 15:42:54,186 - __main__ - INFO - ------------------------------------------------------------
2025-12-01 15:44:11,378 - __main__ - INFO - Запуск обучения BottleClassifier на cuda
2025-12-01 15:44:54,132 - __main__ - INFO - Запуск обучения BottleClassifier на cuda
2025-12-01 15:44:54,137 - __main__ - INFO - Classes: ['good']
2025-12-01 15:44:54,137 - __main__ - INFO - Train: 209, Val: 73
2025-12-01 15:44:54,228 - __main__ - INFO - Class weights: [1.0]
2025-12-01 15:44:54,527 - __main__ - INFO - Trainable params: 16,014,337
2025-12-01 15:44:54,528 - __main__ - INFO - Epoch  Train Loss   Train Recall Val Loss     Val Recall  
2025-12-01 15:44:54,528 - __main__ - INFO - ------------------------------------------------------------
2025-12-01 15:45:51,654 - __main__ - INFO - Запуск обучения BottleClassifier на cuda
2025-12-01 15:45:51,659 - __main__ - INFO - Classes: ['defect_broken_large', 'defect_broken_small', 'defect_contamination', 'good']
2025-12-01 15:45:51,660 - __main__ - INFO - Train: 209, Val: 73
2025-12-01 15:45:51,749 - __main__ - INFO - Class weights: [1.0]
2025-12-01 15:45:52,054 - __main__ - INFO - Trainable params: 16,015,876
2025-12-01 15:45:52,055 - __main__ - INFO - Epoch  Train Loss   Train Recall Val Loss     Val Recall  
2025-12-01 15:45:52,055 - __main__ - INFO - ------------------------------------------------------------
2025-12-01 15:47:46,883 - __main__ - INFO - Запуск обучения BottleClassifier на cuda
2025-12-01 15:47:46,888 - __main__ - INFO - Classes: ['defect_broken_large', 'defect_broken_small', 'defect_contamination', 'good']
2025-12-01 15:47:46,888 - __main__ - INFO - Train: 209, Val: 73
2025-12-01 15:47:47,264 - __main__ - INFO - Trainable params: 16,015,876
2025-12-01 15:47:47,264 - __main__ - INFO - Epoch  Train Loss   Train Recall Val Loss     Val Recall  
2025-12-01 15:47:47,264 - __main__ - INFO - ------------------------------------------------------------
2025-12-01 15:47:53,474 - __main__ - INFO - 1      0.5398       0.2452       2.1369       0.0000      
2025-12-01 15:47:58,700 - __main__ - INFO - 2      0.3568       1.0000       2.5509       0.0000      
2025-12-01 15:48:04,056 - __main__ - INFO - 3      0.3544       1.0000       2.7418       0.0000      
2025-12-01 15:48:09,356 - __main__ - INFO - 4      0.3551       1.0000       2.7957       0.0000      
2025-12-01 15:48:14,654 - __main__ - INFO - 5      0.3552       1.0000       2.8664       0.0000      
2025-12-01 15:48:20,064 - __main__ - INFO - 6      0.3542       1.0000       2.9071       0.0000      
2025-12-01 15:48:25,532 - __main__ - INFO - 7      0.3538       1.0000       3.0264       0.0000      
2025-12-01 15:48:30,999 - __main__ - INFO - 8      0.3543       1.0000       2.8259       0.0000      
2025-12-01 15:48:36,509 - __main__ - INFO - 9      0.3563       1.0000       2.8677       0.0000      
2025-12-01 15:48:41,897 - __main__ - INFO - 10     0.3565       1.0000       2.8478       0.0000      
2025-12-01 15:49:46,127 - __main__ - INFO - Запуск обучения BottleClassifier на cuda
2025-12-01 15:49:46,132 - __main__ - INFO - Classes: ['defect_broken_large', 'defect_broken_small', 'defect_contamination', 'good']
2025-12-01 15:49:46,133 - __main__ - INFO - Train: 272, Val: 73
2025-12-01 15:49:46,497 - __main__ - INFO - Trainable params: 16,015,876
2025-12-01 15:49:46,498 - __main__ - INFO - Epoch  Train Loss   Train Recall Val Loss     Val Recall  
2025-12-01 15:49:46,498 - __main__ - INFO - ------------------------------------------------------------
2025-12-01 15:49:54,124 - __main__ - INFO - 1      0.8983       0.2464       3.7530       0.0000      
2025-12-01 15:50:00,521 - __main__ - INFO - 2      0.7205       0.2625       1.6689       0.0000      
2025-12-01 15:50:06,903 - __main__ - INFO - 3      0.6653       0.3971       1.1302       0.0000      
2025-12-01 15:50:13,429 - __main__ - INFO - 4      0.6108       0.5783       0.8880       0.0000      
2025-12-01 15:50:19,897 - __main__ - INFO - 5      0.5230       0.7577       0.6363       0.0000      
2025-12-01 15:50:26,683 - __main__ - INFO - 6      0.5199       0.7609       0.5559       0.0000      
2025-12-01 15:52:02,009 - __main__ - INFO - Запуск обучения BottleClassifier на cuda
2025-12-01 15:52:02,013 - __main__ - INFO - Classes: ['defect_broken_large', 'defect_broken_small', 'defect_contamination', 'good']
2025-12-01 15:52:02,013 - __main__ - INFO - Train: 272, Val: 20
2025-12-01 15:52:02,425 - __main__ - INFO - Trainable params: 16,015,876
2025-12-01 15:52:02,426 - __main__ - INFO - Epoch  Train Loss   Train Recall Val Loss     Val Recall  
2025-12-01 15:52:02,426 - __main__ - INFO - ------------------------------------------------------------
2025-12-01 15:52:11,576 - __main__ - INFO - 1      0.8983       0.2464       12.2136      0.0000      
2025-12-01 15:52:17,195 - __main__ - INFO - 2      0.7380       0.2500       4.5513       0.0000      
2025-12-01 15:52:22,811 - __main__ - INFO - 3      0.6748       0.3369       4.5642       0.0000      
2025-12-01 15:52:28,415 - __main__ - INFO - 4      0.6088       0.5453       3.4459       0.0000      
2025-12-01 15:52:34,173 - __main__ - INFO - 5      0.5262       0.7383       3.3592       0.0000      
2025-12-01 15:52:40,263 - __main__ - INFO - 6      0.5338       0.7592       4.5322       0.0000      
2025-12-01 15:52:46,263 - __main__ - INFO - 7      0.4587       0.8325       3.6773       0.0000      
2025-12-01 15:53:23,950 - __main__ - INFO - Запуск обучения BottleClassifier на cuda
2025-12-01 15:53:23,954 - __main__ - INFO - Classes: ['defect_broken_large', 'defect_broken_small', 'defect_contamination', 'good']
2025-12-01 15:53:23,954 - __main__ - INFO - Train: 272, Val: 20
2025-12-01 15:53:24,334 - __main__ - INFO - Trainable params: 16,015,876
2025-12-01 15:53:24,336 - __main__ - INFO - Epoch  Train Loss   Train Recall Val Loss     Val Recall  
2025-12-01 15:53:24,336 - __main__ - INFO - ------------------------------------------------------------
2025-12-01 15:53:30,259 - __main__ - INFO - 1      0.8983       0.2464       12.2136      0.0000      
2025-12-01 15:53:35,846 - __main__ - INFO - 2      0.7380       0.2500       4.5513       0.0000      
2025-12-01 15:53:41,440 - __main__ - INFO - 3      0.6748       0.3369       4.5642       0.0000      
2025-12-01 15:53:47,079 - __main__ - INFO - 4      0.6088       0.5453       3.4459       0.0000      
2025-12-01 15:59:43,180 - __main__ - INFO - Classes: ['defect_broken_large', 'defect_broken_small', 'defect_contamination', 'good']
2025-12-01 15:59:43,180 - __main__ - INFO - Train: 272, Val: 20
2025-12-01 15:59:43,285 - __main__ - INFO - Class weights: [3.4000000953674316, 3.090909004211426, 3.238095283508301, 0.3253588378429413]
2025-12-01 15:59:43,606 - __main__ - INFO - Trainable params: 16,015,876
2025-12-01 15:59:43,607 - __main__ - INFO - Epoch  Train Loss   Train Recall Val Loss     Val Recall  
2025-12-01 15:59:43,607 - __main__ - INFO - ------------------------------------------------------------
2025-12-01 16:01:50,402 - __main__ - INFO - Classes: ['defect_broken_large', 'defect_broken_small', 'defect_contamination', 'good']
2025-12-01 16:01:50,402 - __main__ - INFO - Train: 272, Val: 20
2025-12-01 16:01:50,484 - __main__ - INFO - Class weights: [3.4000000953674316, 3.090909004211426, 3.238095283508301, 0.3253588378429413]
2025-12-01 16:01:50,767 - __main__ - INFO - Trainable params: 16,015,876
2025-12-01 16:01:50,767 - __main__ - INFO - Epoch  Train Loss   Train Recall Val Loss     Val Recall  
2025-12-01 16:01:50,767 - __main__ - INFO - ------------------------------------------------------------
2025-12-01 16:01:57,178 - __main__ - INFO - 1      1.6714       0.2684       1.5496       0.0000      
2025-12-01 16:02:03,396 - __main__ - INFO - 2      1.5957       0.4726       2.0220       0.0000      
2025-12-01 16:02:09,919 - __main__ - INFO - 3      1.4355       0.5948       2.1295       0.0000      
2025-12-01 16:02:16,754 - __main__ - INFO - 4      1.3081       0.7348       2.2317       0.0000      
2025-12-01 16:02:23,462 - __main__ - INFO - 5      1.1852       0.8158       2.0004       0.0000      
2025-12-01 16:02:30,053 - __main__ - INFO - 6      1.0917       0.8503       2.1282       0.0000      
2025-12-01 16:02:37,426 - __main__ - INFO - 7      1.1679       0.8294       1.9049       0.0000      
2025-12-01 16:02:45,896 - __main__ - INFO - 8      1.0074       0.9094       2.0881       0.0000      
2025-12-01 16:02:53,058 - __main__ - INFO - 9      1.0282       0.8849       1.8119       0.0000      
2025-12-01 16:03:01,511 - __main__ - INFO - 10     1.0751       0.8517       1.9788       0.0000      
2025-12-01 16:03:10,440 - __main__ - INFO - 11     0.9899       0.8969       1.8268       0.0000      
2025-12-01 16:03:18,645 - __main__ - INFO - 12     1.0206       0.8998       1.8484       0.0000      
2025-12-01 16:03:26,734 - __main__ - INFO - 13     1.0030       0.9362       1.7753       0.0000      
2025-12-01 16:03:33,272 - __main__ - INFO - 14     0.9436       0.9249       1.8823       0.0000      
2025-12-01 16:03:40,237 - __main__ - INFO - 15     0.9830       0.9142       1.8954       0.0000      
2025-12-01 16:03:47,184 - __main__ - INFO - 16     0.9282       0.9011       1.9334       0.0000      
2025-12-01 16:03:54,316 - __main__ - INFO - 17     1.0371       0.9339       1.8765       0.0000      
2025-12-01 16:04:02,786 - __main__ - INFO - 18     0.9965       0.9142       1.8771       0.0000      
2025-12-01 16:04:11,223 - __main__ - INFO - 19     0.8820       0.9625       1.8004       0.0000      
2025-12-01 16:04:19,601 - __main__ - INFO - 20     0.8385       0.9619       1.8815       0.0000      
2025-12-01 16:04:27,035 - __main__ - INFO - 21     0.9110       0.9595       1.8441       0.0000      
2025-12-01 16:07:14,083 - __main__ - INFO - Запуск на cuda
2025-12-01 16:07:14,087 - __main__ - INFO - Classes: ['defect_broken_large', 'defect_broken_small', 'defect_contamination', 'good']
2025-12-01 16:07:14,087 - __main__ - INFO - Train: 272, Val: 20
2025-12-01 16:07:14,468 - __main__ - INFO - Epoch    Train Loss    Train Acc    Val Loss    Val Acc
2025-12-01 16:07:43,461 - __main__ - INFO -  1      0.7164        75.74%     27.0856       0.00%
2025-12-01 16:08:12,805 - __main__ - INFO -  2      0.5669        76.84%     22.0881       0.00%
2025-12-01 16:09:58,495 - __main__ - INFO - Запуск на cuda
2025-12-01 16:09:58,500 - __main__ - INFO - Classes: ['defect_broken_large', 'defect_broken_small', 'defect_contamination', 'good']
2025-12-01 16:09:58,501 - __main__ - INFO - Train: 272, Val: 20
2025-12-01 16:09:58,886 - __main__ - INFO - Epoch    Train Loss    Train Acc    Val Loss    Val Acc
2025-12-01 16:10:30,188 - __main__ - INFO -  1      0.7164        75.74%     27.0856       0.00%
2025-12-01 16:15:21,197 - __main__ - INFO - Classes: ['good']
2025-12-01 16:15:21,197 - __main__ - INFO - Train: 209, Val: 32
2025-12-01 16:15:21,279 - __main__ - INFO - Class weights: [1.0]
2025-12-01 16:15:21,569 - __main__ - INFO - Trainable params: 16,014,337
2025-12-01 16:15:21,570 - __main__ - INFO - Epoch  Train Loss   Train Recall Val Loss     Val Recall  
2025-12-01 16:15:21,570 - __main__ - INFO - ------------------------------------------------------------
2025-12-01 16:21:14,636 - __main__ - INFO - Classes: ['anomaly', 'good']
2025-12-01 16:21:14,636 - __main__ - INFO - Train: 220, Val: 18
2025-12-01 16:21:14,726 - __main__ - INFO - Class weights: [10.0, 0.5263158082962036]
2025-12-01 16:21:15,011 - __main__ - INFO - Trainable params: 16,014,850
2025-12-01 16:21:15,012 - __main__ - INFO - Epoch  Train Loss   Train Recall Val Loss     Val Recall  
2025-12-01 16:21:15,012 - __main__ - INFO - ------------------------------------------------------------
2025-12-01 16:21:23,001 - __main__ - INFO - 1      1.1197       0.5694       0.8611       0.8333      
2025-12-01 16:21:23,237 - __main__ - INFO - НОВАЯ ЛУЧШАЯ МОДЕЛЬ! Val Recall: 0.8333
2025-12-01 16:21:28,992 - __main__ - INFO - 2      1.1091       0.6196       0.8382       0.9167      
2025-12-01 16:21:29,234 - __main__ - INFO - НОВАЯ ЛУЧШАЯ МОДЕЛЬ! Val Recall: 0.9167
2025-12-01 16:21:35,066 - __main__ - INFO - 3      1.0770       0.7105       0.7093       1.0000      
2025-12-01 16:21:35,338 - __main__ - INFO - НОВАЯ ЛУЧШАЯ МОДЕЛЬ! Val Recall: 1.0000
2025-12-01 16:21:35,338 - __main__ - INFO - ЦЕЛЬ ДОСТИГНУТА! Recall >= 0.95
2025-12-01 16:21:36,137 - __main__ - INFO - 
ТЕСТОВЫЕ МЕТРИКИ:
2025-12-01 16:21:36,137 - __main__ - INFO - Precision: 0.9000, Recall: 0.8929, F1: 0.8844
2025-12-01 16:21:36,140 - __main__ - INFO - Лучший Val Recall: 1.0000
